###############################################################
#  Generated by:      Cadence Innovus 17.11-s080_1
#  OS:                Linux x86_64(Host ID localhost.localdomain)
#  Generated on:      Mon Feb  1 13:12:35 2021
#  Design:            RISCV
#  Command:           verifyConnectivity -type all -error 1000 -warning 50
###############################################################
Verify Connectivity Report is created on Mon Feb  1 13:12:35 2021



Net clk, Pin reg_ALUout_EX_MEM_q_reg_31_/CK: has an unconnected terminal at (54.150, 26.735) (54.285, 26.880)
Net clk, Pin reg_ALUout_EX_MEM_q_reg_30_/CK: has an unconnected terminal at (47.880, 26.735) (48.015, 26.880)
Net clk, Pin reg_ALUout_EX_MEM_q_reg_22_/CK: has an unconnected terminal at (43.320, 42.000) (43.455, 42.145)
Net clk, Pin reg_ALUout_EX_MEM_q_reg_16_/CK: has an unconnected terminal at (40.090, 88.335) (40.225, 88.480)
Net clk, Pin reg_ALUout_EX_MEM_q_reg_6_/CK: has an unconnected terminal at (31.730, 140.000) (31.865, 140.145)
Net clk, Pin reg_ALUout_EX_MEM_q_reg_11_/CK: has an unconnected terminal at (41.230, 114.800) (41.365, 114.945)
Net clk, Pin reg_ALUout_EX_MEM_q_reg_13_/CK: has an unconnected terminal at (42.940, 103.600) (43.075, 103.745)
Net clk, Pin ID_RF_registers_reg_11__27_/CK: has an unconnected terminal at (71.805, 20.860) (71.950, 21.000)
Net clk, Pin ID_RF_registers_reg_10__27_/CK: has an unconnected terminal at (68.005, 20.860) (68.150, 21.000)
Net clk, Pin reg_JAL_MEM_WB_q_reg_18_/CK: has an unconnected terminal at (57.060, 81.480) (57.205, 81.620)
Net clk, Pin reg_immediate_MEM_WB_q_reg_31_/CK: has an unconnected terminal at (65.040, 22.680) (65.185, 22.820)
Net clk, Pin reg_ALUout_MEM_WB_q_reg_10_/CK: has an unconnected terminal at (51.930, 120.680) (52.055, 120.820)
Net clk, Pin reg_ALUout_MEM_WB_q_reg_19_/CK: has an unconnected terminal at (54.590, 76.860) (54.715, 77.000)
Net clk, Pin reg_ALUout_MEM_WB_q_reg_20_/CK: has an unconnected terminal at (52.690, 70.280) (52.815, 70.420)
Net clk, Pin reg_ALUout_MEM_WB_q_reg_24_/CK: has an unconnected terminal at (31.600, 23.660) (31.725, 23.800)
Net clk: has regular routing with opens at (9.485, 5.670) (164.935, 163.870)
Net clk: dangling Wire at (32.015, 140.070) (32.015, 140.070) on layer: metal1
Net clk: dangling Wire at (51.585, 120.750) (51.585, 120.750) on layer: metal1
Net clk: dangling Wire at (41.515, 114.870) (41.515, 114.870) on layer: metal1
Net clk: dangling Wire at (43.225, 103.670) (43.225, 103.670) on layer: metal1
Net clk: dangling Wire at (40.375, 88.410) (40.375, 88.410) on layer: metal1
Net clk: dangling Wire at (54.435, 76.930) (54.435, 76.930) on layer: metal1
Net clk: dangling Wire at (56.715, 81.550) (56.715, 81.550) on layer: metal1
Net clk: dangling Wire at (52.345, 70.350) (52.345, 70.350) on layer: metal1
Net clk: dangling Wire at (43.605, 42.070) (43.605, 42.070) on layer: metal1
Net clk: dangling Wire at (64.695, 22.750) (64.695, 22.750) on layer: metal1
Net clk: dangling Wire at (67.735, 20.930) (67.735, 20.930) on layer: metal1
Net clk: dangling Wire at (71.535, 20.930) (71.535, 20.930) on layer: metal1
Net clk: dangling Wire at (48.165, 26.810) (48.165, 26.810) on layer: metal1
Net clk: dangling Wire at (54.435, 26.810) (54.435, 26.810) on layer: metal1
Net clk: dangling Wire at (31.255, 23.730) (31.255, 23.730) on layer: metal1
Net PCSrc_MEM_out, Pin FE_OFC39_PCSrc_MEM_out/Z: has an unconnected terminal at (63.310, 19.200) (63.400, 20.250)
Net PCSrc_MEM_out: has regular routing with opens at (15.610, 8.190) (63.365, 21.275)
Net PCSrc_MEM_out: dangling Wire at (63.365, 21.070) (63.365, 21.070) on layer: metal1
Net FE_OFN50_n5473, Pin reg_ALUout_EX_MEM_q_reg_6_/SE: has an unconnected terminal at (29.245, 139.995) (29.665, 140.275)
Net FE_OFN50_n5473: has regular routing with opens at (11.840, 81.340) (66.630, 158.340)
Net FE_OFN50_n5473: dangling Wire at (29.355, 140.210) (29.355, 140.210) on layer: metal1
Net FE_OFN49_n5473, Pin reg_ALUout_EX_MEM_q_reg_22_/SE: has an unconnected terminal at (40.835, 41.995) (41.255, 42.275)
Net FE_OFN49_n5473, Pin reg_ALUout_EX_MEM_q_reg_16_/SE: has an unconnected terminal at (37.605, 88.205) (38.025, 88.485)
Net FE_OFN49_n5473: has regular routing with opens at (29.100, 9.730) (66.630, 95.515)
Net FE_OFN49_n5473: dangling Wire at (37.715, 88.270) (37.715, 88.270) on layer: metal1
Net FE_OFN49_n5473: dangling Wire at (40.945, 42.210) (40.945, 42.210) on layer: metal1
Net FE_OFN39_PCSrc_MEM_out, Pin FE_OFC39_PCSrc_MEM_out/A: has an unconnected terminal at (62.950, 19.740) (63.080, 19.915)
Net FE_OFN39_PCSrc_MEM_out: has regular routing with opens at (21.635, 21.070) (77.595, 162.890)
Net FE_OFN39_PCSrc_MEM_out: dangling Wire at (62.985, 21.070) (62.985, 21.070) on layer: metal1
Net FE_OFN31_FE_DBTN49_rst, Pin reg_ALUout_EX_MEM_q_reg_6_/RN: has an unconnected terminal at (32.740, 139.860) (32.865, 140.000)
Net FE_OFN31_FE_DBTN49_rst: has regular routing with opens at (25.460, 121.765) (58.460, 144.875)
Net FE_OFN31_FE_DBTN49_rst: dangling Wire at (32.965, 139.930) (32.965, 139.930) on layer: metal1
Net FE_OFN29_FE_DBTN49_rst, Pin reg_ALUout_EX_MEM_q_reg_16_/RN: has an unconnected terminal at (41.100, 88.480) (41.225, 88.620)
Net FE_OFN29_FE_DBTN49_rst, Pin reg_JAL_MEM_WB_q_reg_18_/RN: has an unconnected terminal at (54.490, 80.790) (55.885, 81.480)
Net FE_OFN29_FE_DBTN49_rst, Pin FE_OFC29_FE_DBTN49_rst/Z: has an unconnected terminal at (52.335, 94.790) (52.570, 95.890)
Net FE_OFN29_FE_DBTN49_rst: has regular routing with opens at (31.925, 61.740) (58.545, 94.220)
Net FE_OFN29_FE_DBTN49_rst: dangling Wire at (53.105, 93.870) (53.105, 93.870) on layer: metal1
Net FE_OFN29_FE_DBTN49_rst: dangling Wire at (41.325, 88.550) (41.325, 88.550) on layer: metal1
Net FE_OFN29_FE_DBTN49_rst: dangling Wire at (54.435, 81.410) (54.435, 81.410) on layer: metal1
Net FE_OFN25_FE_DBTN49_rst, Pin reg_ALUout_EX_MEM_q_reg_11_/RN: has an unconnected terminal at (42.240, 114.660) (42.365, 114.800)
Net FE_OFN25_FE_DBTN49_rst, Pin reg_ALUout_EX_MEM_q_reg_13_/RN: has an unconnected terminal at (43.950, 103.460) (44.075, 103.600)
Net FE_OFN25_FE_DBTN49_rst, Pin FE_OFC29_FE_DBTN49_rst/A: has an unconnected terminal at (51.930, 95.340) (52.100, 95.515)
Net FE_OFN25_FE_DBTN49_rst: has regular routing with opens at (38.820, 93.800) (59.410, 125.290)
Net FE_OFN25_FE_DBTN49_rst: dangling Wire at (44.175, 103.530) (44.175, 103.530) on layer: metal1
Net FE_OFN25_FE_DBTN49_rst: dangling Wire at (42.465, 114.730) (42.465, 114.730) on layer: metal1
Net FE_OFN25_FE_DBTN49_rst: dangling Wire at (52.535, 93.870) (52.535, 93.870) on layer: metal1
Net FE_DBTN49_rst, Pin reg_ALUout_EX_MEM_q_reg_31_/RN: has an unconnected terminal at (55.160, 26.880) (55.285, 27.020)
Net FE_DBTN49_rst, Pin reg_ALUout_EX_MEM_q_reg_30_/RN: has an unconnected terminal at (48.890, 26.880) (49.015, 27.020)
Net FE_DBTN49_rst, Pin reg_ALUout_EX_MEM_q_reg_22_/RN: has an unconnected terminal at (44.330, 41.860) (44.455, 42.000)
Net FE_DBTN49_rst, Pin ID_RF_registers_reg_11__27_/RN: has an unconnected terminal at (73.125, 21.000) (74.520, 21.690)
Net FE_DBTN49_rst, Pin ID_RF_registers_reg_10__27_/RN: has an unconnected terminal at (69.325, 21.000) (70.720, 21.690)
Net FE_DBTN49_rst: has regular routing with opens at (31.790, 10.790) (73.055, 59.115)
Net FE_DBTN49_rst: dangling Wire at (44.555, 41.930) (44.555, 41.930) on layer: metal1
Net FE_DBTN49_rst: dangling Wire at (73.055, 21.630) (73.055, 21.630) on layer: metal1
Net FE_DBTN49_rst: dangling Wire at (70.015, 21.070) (70.015, 21.070) on layer: metal1
Net FE_DBTN49_rst: dangling Wire at (55.385, 26.950) (55.385, 26.950) on layer: metal1
Net FE_DBTN49_rst: dangling Wire at (49.115, 26.950) (49.115, 26.950) on layer: metal1
Net n1412, Pin ID_RF_registers_reg_11__27_/QN: has an unconnected terminal at (74.915, 20.840) (74.990, 21.690)
Net n1412: has regular routing with opens at (74.105, 20.965) (76.890, 22.715)
Net n1412: dangling Wire at (74.575, 21.630) (74.575, 21.630) on layer: metal1
Net n1444, Pin ID_RF_registers_reg_10__27_/QN: has an unconnected terminal at (71.115, 20.840) (71.190, 21.690)
Net n1444: has regular routing with opens at (68.840, 19.740) (76.185, 22.715)
Net n1444: dangling Wire at (70.775, 20.930) (70.775, 20.930) on layer: metal1
Net n1565, Pin reg_ALUout_EX_MEM_q_reg_6_/QN: has an unconnected terminal at (33.120, 139.835) (33.215, 140.445)
Net n1565: has regular routing with opens at (30.975, 138.565) (33.725, 139.790)
Net n1565: dangling Wire at (33.725, 139.790) (33.725, 139.790) on layer: metal1
Net n1570, Pin reg_ALUout_EX_MEM_q_reg_11_/QN: has an unconnected terminal at (42.620, 114.635) (42.715, 115.245)
Net n1570: has regular routing with opens at (41.235, 113.365) (43.225, 114.590)
Net n1570: dangling Wire at (43.225, 114.590) (43.225, 114.590) on layer: metal1
Net n1572, Pin reg_ALUout_EX_MEM_q_reg_13_/QN: has an unconnected terminal at (44.330, 103.435) (44.425, 104.045)
Net n1572: has regular routing with opens at (43.895, 102.165) (44.935, 103.390)
Net n1572: dangling Wire at (44.935, 103.390) (44.935, 103.390) on layer: metal1
Net n1575, Pin reg_ALUout_EX_MEM_q_reg_16_/QN: has an unconnected terminal at (41.480, 88.035) (41.575, 88.645)
Net n1575: has regular routing with opens at (42.050, 86.940) (42.175, 87.990)
Net n1575: dangling Wire at (42.085, 87.990) (42.085, 87.990) on layer: metal1
Net n1581, Pin reg_ALUout_EX_MEM_q_reg_22_/QN: has an unconnected terminal at (44.710, 41.835) (44.805, 42.445)
Net n1581: has regular routing with opens at (44.465, 42.490) (45.315, 43.540)
Net n1581: dangling Wire at (45.315, 42.490) (45.315, 42.490) on layer: metal1
Net n1589, Pin reg_ALUout_EX_MEM_q_reg_30_/QN: has an unconnected terminal at (49.270, 26.435) (49.365, 27.045)
Net n1589: has regular routing with opens at (49.875, 26.950) (50.345, 29.540)
Net n1589: dangling Wire at (49.875, 26.950) (49.875, 26.950) on layer: metal1
Net n1590, Pin reg_ALUout_EX_MEM_q_reg_31_/QN: has an unconnected terminal at (55.540, 26.435) (55.635, 27.045)
Net n1590: has regular routing with opens at (53.070, 27.090) (56.145, 29.540)
Net n1590: dangling Wire at (56.145, 27.090) (56.145, 27.090) on layer: metal1
Net n4024, Pin ID_RF_registers_reg_10__27_/D: has an unconnected terminal at (68.430, 21.000) (68.550, 21.185)
Net n4024: has regular routing with opens at (68.115, 19.390) (69.505, 21.070)
Net n4024: dangling Wire at (68.115, 21.070) (68.115, 21.070) on layer: metal1
Net n4056, Pin ID_RF_registers_reg_11__27_/D: has an unconnected terminal at (72.230, 21.000) (72.350, 21.185)
Net n4056: has regular routing with opens at (71.915, 21.070) (73.850, 22.850)
Net n4056: dangling Wire at (71.915, 21.070) (71.915, 21.070) on layer: metal1
Net n4739, Pin U7490/B2: has an unconnected terminal at (52.120, 88.165) (52.245, 88.340)
Net n4739: has regular routing with opens at (33.880, 23.765) (56.995, 147.140)
Net n4739: dangling Wire at (51.965, 88.270) (51.965, 88.270) on layer: metal1
Net n5414, Pin U7490/A2: has an unconnected terminal at (52.825, 88.060) (52.950, 88.300)
Net n5414: has regular routing with opens at (34.585, 23.660) (57.905, 147.100)
Net n5414: dangling Wire at (52.725, 88.130) (52.725, 88.130) on layer: metal1
Net n5474, Pin FE_OFC36_n5474/A: has an unconnected terminal at (45.660, 42.140) (45.830, 42.315)
Net n5474: has regular routing with opens at (31.790, 16.980) (62.830, 42.210)
Net n5474: dangling Wire at (45.505, 42.210) (45.505, 42.210) on layer: metal1
Net n6201: dangling Wire at (52.345, 87.850) (52.345, 87.850) on layer: metal1
Net Read_data1_EX_in_s[17], Pin U7490/A1: has an unconnected terminal at (52.635, 88.060) (52.760, 88.300)
Net Read_data1_EX_in_s[17]: has regular routing with opens at (52.535, 88.130) (69.490, 91.690)
Net Read_data1_EX_in_s[17]: dangling Wire at (52.535, 88.130) (52.535, 88.130) on layer: metal1
Net ALU_backward_MEM_out_s[31], Pin reg_ALUout_EX_MEM_q_reg_31_/Q: has an unconnected terminal at (55.920, 26.435) (56.005, 27.045)
Net ALU_backward_MEM_out_s[31]: has regular routing with opens at (55.765, 20.960) (64.390, 26.390)
Net ALU_backward_MEM_out_s[31]: dangling Wire at (55.765, 26.390) (55.765, 26.390) on layer: metal1
Net ALU_backward_MEM_out_s[30], Pin reg_ALUout_EX_MEM_q_reg_30_/Q: has an unconnected terminal at (49.650, 26.435) (49.735, 27.045)
Net ALU_backward_MEM_out_s[30]: has regular routing with opens at (49.495, 22.540) (58.120, 26.460)
Net ALU_backward_MEM_out_s[30]: dangling Wire at (49.495, 26.390) (49.495, 26.390) on layer: metal1
Net ALU_backward_MEM_out_s[24], Pin reg_ALUout_MEM_WB_q_reg_24_/D: has an unconnected terminal at (31.180, 23.760) (31.290, 23.940)
Net ALU_backward_MEM_out_s[24]: has regular routing with opens at (30.685, 23.870) (34.575, 38.255)
Net ALU_backward_MEM_out_s[24]: dangling Wire at (30.875, 23.870) (30.875, 23.870) on layer: metal1
Net ALU_backward_MEM_out_s[22], Pin reg_ALUout_EX_MEM_q_reg_22_/Q: has an unconnected terminal at (45.090, 41.835) (45.175, 42.445)
Net ALU_backward_MEM_out_s[22]: has regular routing with opens at (44.935, 40.560) (54.525, 42.315)
Net ALU_backward_MEM_out_s[22]: dangling Wire at (44.935, 41.930) (44.935, 41.930) on layer: metal1
Net ALU_backward_MEM_out_s[20], Pin reg_ALUout_MEM_WB_q_reg_20_/D: has an unconnected terminal at (52.270, 70.140) (52.380, 70.320)
Net ALU_backward_MEM_out_s[20]: has regular routing with opens at (43.795, 69.510) (53.955, 73.455)
Net ALU_backward_MEM_out_s[20]: dangling Wire at (51.965, 70.210) (51.965, 70.210) on layer: metal1
Net ALU_backward_MEM_out_s[19], Pin reg_ALUout_MEM_WB_q_reg_19_/D: has an unconnected terminal at (54.170, 76.960) (54.280, 77.140)
Net ALU_backward_MEM_out_s[19]: has regular routing with opens at (43.000, 75.740) (54.055, 79.055)
Net ALU_backward_MEM_out_s[19]: dangling Wire at (54.055, 77.070) (54.055, 77.070) on layer: metal1
Net ALU_backward_MEM_out_s[17], Pin U7490/B1: has an unconnected terminal at (52.310, 88.165) (52.435, 88.340)
Net ALU_backward_MEM_out_s[17]: has regular routing with opens at (42.430, 83.825) (52.155, 88.270)
Net ALU_backward_MEM_out_s[17]: dangling Wire at (52.155, 88.270) (52.155, 88.270) on layer: metal1
Net ALU_backward_MEM_out_s[16], Pin reg_ALUout_EX_MEM_q_reg_16_/Q: has an unconnected terminal at (41.860, 88.035) (41.945, 88.645)
Net ALU_backward_MEM_out_s[16]: has regular routing with opens at (41.705, 88.160) (52.625, 89.915)
Net ALU_backward_MEM_out_s[16]: dangling Wire at (41.705, 88.270) (41.705, 88.270) on layer: metal1
Net ALU_backward_MEM_out_s[13], Pin reg_ALUout_EX_MEM_q_reg_13_/Q: has an unconnected terminal at (44.710, 103.435) (44.795, 104.045)
Net ALU_backward_MEM_out_s[13]: has regular routing with opens at (44.555, 103.740) (55.095, 105.140)
Net ALU_backward_MEM_out_s[13]: dangling Wire at (44.555, 104.090) (44.555, 104.090) on layer: metal1
Net ALU_backward_MEM_out_s[11], Pin reg_ALUout_EX_MEM_q_reg_11_/Q: has an unconnected terminal at (43.000, 114.635) (43.085, 115.245)
Net ALU_backward_MEM_out_s[11]: has regular routing with opens at (42.845, 115.290) (53.005, 117.920)
Net ALU_backward_MEM_out_s[11]: dangling Wire at (42.845, 115.290) (42.845, 115.290) on layer: metal1
Net ALU_backward_MEM_out_s[10], Pin reg_ALUout_MEM_WB_q_reg_10_/D: has an unconnected terminal at (51.510, 120.540) (51.620, 120.720)
Net ALU_backward_MEM_out_s[10]: has regular routing with opens at (43.950, 115.825) (53.385, 120.715)
Net ALU_backward_MEM_out_s[10]: dangling Wire at (51.205, 120.610) (51.205, 120.610) on layer: metal1
Net ALU_backward_MEM_out_s[6], Pin reg_ALUout_EX_MEM_q_reg_6_/Q: has an unconnected terminal at (33.500, 139.835) (33.585, 140.445)
Net ALU_backward_MEM_out_s[6]: has regular routing with opens at (33.345, 140.350) (36.855, 147.140)
Net ALU_backward_MEM_out_s[6]: dangling Wire at (33.345, 140.350) (33.345, 140.350) on layer: metal1
Net JAL_PC_4_MEM_out_s[18], Pin reg_JAL_MEM_WB_q_reg_18_/D: has an unconnected terminal at (56.660, 81.295) (56.780, 81.480)
Net JAL_PC_4_MEM_out_s[18]: has regular routing with opens at (56.300, 81.410) (56.380, 83.290)
Net JAL_PC_4_MEM_out_s[18]: dangling Wire at (56.335, 81.410) (56.335, 81.410) on layer: metal1
Net immediate_MEM_out_s[31], Pin reg_immediate_MEM_WB_q_reg_31_/D: has an unconnected terminal at (64.640, 22.495) (64.760, 22.680)
Net immediate_MEM_out_s[31]: has regular routing with opens at (62.180, 22.610) (64.315, 24.490)
Net immediate_MEM_out_s[31]: dangling Wire at (64.315, 22.610) (64.315, 22.610) on layer: metal1
Net JAL_PC_4_WB_in_s[18], Pin reg_JAL_MEM_WB_q_reg_18_/Q: has an unconnected terminal at (53.640, 80.790) (53.720, 81.855)
Net JAL_PC_4_WB_in_s[18]: has regular routing with opens at (51.360, 81.690) (53.295, 82.700)
Net JAL_PC_4_WB_in_s[18]: dangling Wire at (53.295, 81.690) (53.295, 81.690) on layer: metal1
Net ALUout_WB_in_s[31], Pin reg_ALUout_MEM_WB_q_reg_31_/Q: has an unconnected terminal at (67.510, 20.625) (67.585, 21.520)
Net ALUout_WB_in_s[31]: has regular routing with opens at (65.420, 19.740) (67.355, 20.790)
Net ALUout_WB_in_s[31]: dangling Wire at (67.355, 20.790) (67.355, 20.790) on layer: metal1
Net ALUout_WB_in_s[30], Pin reg_ALUout_MEM_WB_q_reg_30_/Q: has an unconnected terminal at (61.240, 22.160) (61.315, 23.055)
Net ALUout_WB_in_s[30]: has regular routing with opens at (61.085, 17.990) (65.355, 22.190)
Net ALUout_WB_in_s[30]: dangling Wire at (61.085, 22.190) (61.085, 22.190) on layer: metal1
Net ALUout_WB_in_s[29], Pin reg_ALUout_MEM_WB_q_reg_29_/Q: has an unconnected terminal at (62.950, 20.625) (63.025, 21.520)
Net ALUout_WB_in_s[29]: has regular routing with opens at (62.795, 19.740) (63.835, 20.790)
Net ALUout_WB_in_s[29]: dangling Wire at (62.795, 20.790) (62.795, 20.790) on layer: metal1
Net ALUout_WB_in_s[24]: dangling Wire at (27.835, 24.010) (27.835, 24.010) on layer: metal1
Net ALUout_WB_in_s[20], Pin reg_ALUout_MEM_WB_q_reg_20_/Q: has an unconnected terminal at (49.075, 69.760) (49.150, 70.655)
Net ALUout_WB_in_s[20]: has regular routing with opens at (48.925, 70.490) (50.345, 71.540)
Net ALUout_WB_in_s[20]: dangling Wire at (48.925, 70.490) (48.925, 70.490) on layer: metal1
Net ALUout_WB_in_s[18], Pin reg_ALUout_MEM_WB_q_reg_18_/Q: has an unconnected terminal at (53.260, 80.960) (53.335, 81.855)
Net ALUout_WB_in_s[18]: has regular routing with opens at (51.685, 81.690) (53.105, 82.740)
Net ALUout_WB_in_s[18]: dangling Wire at (53.105, 81.690) (53.105, 81.690) on layer: metal1
Net ALUout_WB_in_s[17], Pin reg_ALUout_MEM_WB_q_reg_17_/Q: has an unconnected terminal at (53.830, 85.025) (53.905, 85.920)
Net ALUout_WB_in_s[17]: has regular routing with opens at (51.685, 84.140) (53.675, 85.190)
Net ALUout_WB_in_s[17]: dangling Wire at (53.675, 85.190) (53.675, 85.190) on layer: metal1
Net ALUout_WB_in_s[16], Pin reg_ALUout_MEM_WB_q_reg_16_/Q: has an unconnected terminal at (51.740, 87.825) (51.815, 88.720)
Net ALUout_WB_in_s[16]: has regular routing with opens at (50.545, 88.410) (51.585, 89.915)
Net ALUout_WB_in_s[16]: dangling Wire at (51.585, 88.410) (51.585, 88.410) on layer: metal1
Net ALUout_WB_in_s[15], Pin reg_ALUout_MEM_WB_q_reg_15_/Q: has an unconnected terminal at (52.500, 93.425) (52.575, 94.320)
Net ALUout_WB_in_s[15]: has regular routing with opens at (51.495, 94.010) (52.345, 95.515)
Net ALUout_WB_in_s[15]: dangling Wire at (52.345, 94.010) (52.345, 94.010) on layer: metal1
Net ALUout_WB_in_s[14], Pin reg_ALUout_MEM_WB_q_reg_14_/Q: has an unconnected terminal at (49.840, 99.025) (49.915, 99.920)
Net ALUout_WB_in_s[14]: has regular routing with opens at (49.215, 98.140) (49.685, 99.190)
Net ALUout_WB_in_s[14]: dangling Wire at (49.685, 99.190) (49.685, 99.190) on layer: metal1
Net ALUout_WB_in_s[11], Pin reg_ALUout_MEM_WB_q_reg_11_/Q: has an unconnected terminal at (47.750, 117.360) (47.825, 118.255)
Net ALUout_WB_in_s[11]: has regular routing with opens at (47.595, 117.530) (48.825, 117.915)
Net ALUout_WB_in_s[11]: dangling Wire at (47.595, 117.530) (47.595, 117.530) on layer: metal1
Net ALUout_WB_in_s[10], Pin reg_ALUout_MEM_WB_q_reg_10_/Q: has an unconnected terminal at (48.315, 120.160) (48.390, 121.055)
Net ALUout_WB_in_s[10]: has regular routing with opens at (48.165, 120.890) (49.965, 121.940)
Net ALUout_WB_in_s[10]: dangling Wire at (48.165, 120.890) (48.165, 120.890) on layer: metal1
Net immediate_WB_in_s[31], Pin reg_immediate_MEM_WB_q_reg_31_/Q: has an unconnected terminal at (61.620, 21.990) (61.700, 23.055)
Net immediate_WB_in_s[31]: has regular routing with opens at (61.185, 19.780) (61.465, 22.050)
Net immediate_WB_in_s[31]: dangling Wire at (61.275, 22.050) (61.275, 22.050) on layer: metal1

Begin Summary
    74 Problem(s) (IMPVFC-96): Terminal(s) are not connected.
    51 Problem(s) (IMPVFC-92): Pieces of the net are not connected together.
    76 Problem(s) (IMPVFC-94): The net has dangling wire(s).
    201 total info(s) created.
End Summary
