###############################################################
#  Generated by:      Cadence Innovus 17.11-s080_1
#  OS:                Linux x86_64(Host ID localhost.localdomain)
#  Generated on:      Mon Feb  1 13:13:43 2021
#  Design:            RISCV
#  Command:           verifyGeometry
###############################################################

SHORT: Regular Via of Net FE_OFN50_n5473 & Pin of Cell reg_ALUout_EX_MEM_q_reg_6_  ( metal1 )
Bounds : ( 29.320, 140.215 ) ( 29.390, 140.280 )


SHORT: Regular Via of Net FE_OFN31_FE_DBTN49_rst & Blockage of Cell reg_ALUout_EX_MEM_q_reg_6_  ( metal1 )
Bounds : ( 32.930, 139.895 ) ( 33.000, 139.965 )


SHORT: Regular Via of Net n1565 & Blockage of Cell reg_ALUout_EX_MEM_q_reg_6_  ( metal1 )
Bounds : ( 33.690, 139.720 ) ( 33.760, 139.770 )


SHORT: Regular Via of Net ALU_backward_MEM_out_s[6] & Blockage of Cell reg_ALUout_EX_MEM_q_reg_6_  ( metal1 )
Bounds : ( 33.310, 140.280 ) ( 33.350, 140.315 )


SPACING: Regular Via of Net clk & Blockage of Cell reg_ALUout_EX_MEM_q_reg_6_  ( metal1 )
Bounds : ( 32.050, 140.000 ) ( 32.060, 140.090 )
Actual:     0.01     Min:     0.065


SPACING: Regular Via of Net FE_OFN31_FE_DBTN49_rst & Pin of Cell reg_ALUout_EX_MEM_q_reg_6_  ( metal1 )
Bounds : ( 32.865, 139.895 ) ( 32.895, 139.965 )
Actual:     0.03     Min:     0.065  SameNetGap


SHORT: Regular Via of Net clk & Blockage of Cell reg_ALUout_MEM_WB_q_reg_10_  ( metal1 )
Bounds : ( 51.515, 120.785 ) ( 51.655, 120.785 )


SHORT: Regular Via of Net clk & Pin of Cell reg_ALUout_MEM_WB_q_reg_10_  ( metal1 )
Bounds : ( 51.515, 120.715 ) ( 51.620, 120.720 )


SHORT: Regular Via of Net n1570 & Blockage of Cell reg_ALUout_EX_MEM_q_reg_11_  ( metal1 )
Bounds : ( 43.190, 114.520 ) ( 43.260, 114.570 )


SHORT: Regular Via of Net ALU_backward_MEM_out_s[11] & Blockage of Cell reg_ALUout_EX_MEM_q_reg_11_  ( metal1 )
Bounds : ( 42.810, 115.310 ) ( 42.880, 115.360 )


SHORT: Regular Via of Net ALU_backward_MEM_out_s[10] & Blockage of Cell reg_ALUout_MEM_WB_q_reg_10_  ( metal1 )
Bounds : ( 51.135, 120.575 ) ( 51.275, 120.615 )


SHORT: Regular Via of Net ALU_backward_MEM_out_s[10] & Blockage of Cell reg_ALUout_MEM_WB_q_reg_10_  ( metal1 )
Bounds : ( 51.210, 120.575 ) ( 51.275, 120.645 )


SHORT: Regular Wire of Net ALUout_WB_in_s[11] & Blockage of Cell reg_ALUout_MEM_WB_q_reg_11_  ( metal1 )
Bounds : ( 47.595, 117.520 ) ( 47.680, 117.565 )


SHORT: Regular Via of Net ALUout_WB_in_s[10] & Pin of Cell reg_ALUout_MEM_WB_q_reg_10_  ( metal1 )
Bounds : ( 48.130, 120.905 ) ( 48.200, 120.960 )


SPACING: Regular Via of Net ALU_backward_MEM_out_s[10] & Blockage of Cell reg_ALUout_MEM_WB_q_reg_10_  ( metal1 )
Bounds : ( 51.135, 120.645 ) ( 51.145, 120.685 )
Actual:     0.04     Min:     0.065


SPACING: Regular Via of Net FE_OFN25_FE_DBTN49_rst & Pin of Cell reg_ALUout_MEM_WB_q_reg_10_  ( metal1 )
Bounds : ( 50.135, 120.015 ) ( 50.145, 120.085 )
Actual:     0.01     Min:     0.065


SHORT: Regular Via of Net FE_OFN25_FE_DBTN49_rst & Blockage of Cell reg_ALUout_EX_MEM_q_reg_13_  ( metal1 )
Bounds : ( 44.140, 103.495 ) ( 44.210, 103.565 )


SHORT: Regular Via of Net n1572 & Blockage of Cell reg_ALUout_EX_MEM_q_reg_13_  ( metal1 )
Bounds : ( 44.900, 103.320 ) ( 44.970, 103.370 )


SHORT: Regular Via of Net ALU_backward_MEM_out_s[13] & Blockage of Cell reg_ALUout_EX_MEM_q_reg_13_  ( metal1 )
Bounds : ( 44.520, 104.110 ) ( 44.590, 104.160 )


SHORT: Regular Via of Net ALUout_WB_in_s[14] & Pin of Cell reg_ALUout_MEM_WB_q_reg_14_  ( metal1 )
Bounds : ( 49.650, 99.120 ) ( 49.720, 99.175 )


SPACING: Regular Via of Net clk & Blockage of Cell reg_ALUout_EX_MEM_q_reg_13_  ( metal1 )
Bounds : ( 43.260, 103.600 ) ( 43.270, 103.690 )
Actual:     0.01     Min:     0.065


SPACING: Regular Via of Net FE_OFN25_FE_DBTN49_rst & Blockage of Cell reg_ALUout_MEM_WB_q_reg_14_  ( metal1 )
Bounds : ( 48.425, 99.435 ) ( 48.475, 99.505 )
Actual:     0.05     Min:     0.065


SPACING: Regular Via of Net FE_OFN25_FE_DBTN49_rst & Pin of Cell reg_ALUout_EX_MEM_q_reg_13_  ( metal1 )
Bounds : ( 44.075, 103.495 ) ( 44.105, 103.565 )
Actual:     0.03     Min:     0.065  SameNetGap


SHORT: Regular Via of Net ALUout_WB_in_s[17] & Pin of Cell reg_ALUout_MEM_WB_q_reg_17_  ( metal1 )
Bounds : ( 53.640, 85.120 ) ( 53.710, 85.175 )


SPACING: Regular Wire of Net ALUout_WB_in_s[16] & Blockage of Cell reg_ALUout_MEM_WB_q_reg_16_  ( metal1 )
Bounds : ( 51.585, 88.375 ) ( 51.600, 88.445 )
Actual:     0.015     Min:     0.065


SPACING: Regular Via of Net FE_OFN25_FE_DBTN49_rst & Blockage of Cell reg_ALUout_MEM_WB_q_reg_15_  ( metal1 )
Bounds : ( 52.430, 93.835 ) ( 52.465, 93.905 )
Actual:     0.035     Min:     0.065


SPACING: Regular Via of Net FE_OFN25_FE_DBTN49_rst & Blockage of Cell reg_ALUout_MEM_WB_q_reg_15_  ( metal1 )
Bounds : ( 51.085, 93.835 ) ( 51.135, 93.905 )
Actual:     0.05     Min:     0.065


SPACING: Regular Via of Net FE_OFN29_FE_DBTN49_rst & Blockage of Cell reg_ALUout_MEM_WB_q_reg_16_  ( metal1 )
Bounds : ( 50.325, 88.235 ) ( 50.375, 88.305 )
Actual:     0.05     Min:     0.065


SHORT: Regular Via of Net ALUout_WB_in_s[15] & Pin of Cell reg_ALUout_MEM_WB_q_reg_15_  ( metal1 )
Bounds : ( 52.085, 93.975 ) ( 52.190, 94.025 )


SHORT: Regular Via of Net ALUout_WB_in_s[16] & Pin of Cell reg_ALUout_MEM_WB_q_reg_16_  ( metal1 )
Bounds : ( 51.325, 88.375 ) ( 51.430, 88.425 )


SHORT: Regular Via of Net ALU_backward_MEM_out_s[17] & Pin of Cell U7490  ( metal1 )
Bounds : ( 52.120, 88.200 ) ( 52.190, 88.340 )


SHORT: Regular Via of Net Read_data1_EX_in_s[17] & Pin of Cell U7490  ( metal1 )
Bounds : ( 52.500, 88.060 ) ( 52.570, 88.200 )


SHORT: Regular Wire of Net n5414 & Pin of Cell U7490  ( metal1 )
Bounds : ( 52.725, 88.095 ) ( 52.760, 88.165 )


SHORT: Regular Via of Net FE_OFN25_FE_DBTN49_rst & Pin of Cell reg_ALUout_MEM_WB_q_reg_15_  ( metal1 )
Bounds : ( 52.500, 93.835 ) ( 52.575, 93.905 )


SPACING: Regular Via of Net ALUout_WB_in_s[16] & Blockage of Cell reg_ALUout_MEM_WB_q_reg_16_  ( metal1 )
Bounds : ( 51.325, 88.445 ) ( 51.585, 88.490 )
Actual:     0.045     Min:     0.065


SPACING: Regular Wire of Net ALUout_WB_in_s[15] & Blockage of Cell reg_ALUout_MEM_WB_q_reg_15_  ( metal1 )
Bounds : ( 52.345, 93.975 ) ( 52.360, 94.045 )
Actual:     0.015     Min:     0.065


SPACING: Regular Via of Net ALUout_WB_in_s[15] & Blockage of Cell reg_ALUout_MEM_WB_q_reg_15_  ( metal1 )
Bounds : ( 52.085, 94.045 ) ( 52.345, 94.090 )
Actual:     0.045     Min:     0.065


SHORT: Regular Via of Net FE_OFN49_n5473 & Pin of Cell reg_ALUout_EX_MEM_q_reg_16_  ( metal1 )
Bounds : ( 37.680, 88.200 ) ( 37.750, 88.265 )


SHORT: Regular Via of Net FE_OFN29_FE_DBTN49_rst & Blockage of Cell reg_ALUout_EX_MEM_q_reg_16_  ( metal1 )
Bounds : ( 41.290, 88.515 ) ( 41.360, 88.585 )


SHORT: Regular Via of Net FE_OFN25_FE_DBTN49_rst & Blockage of Cell reg_ALUout_EX_MEM_q_reg_11_  ( metal1 )
Bounds : ( 42.430, 114.695 ) ( 42.500, 114.765 )


SHORT: Regular Via of Net n1575 & Blockage of Cell reg_ALUout_EX_MEM_q_reg_16_  ( metal1 )
Bounds : ( 42.015, 87.955 ) ( 42.080, 88.025 )


SHORT: Regular Via of Net ALU_backward_MEM_out_s[16] & Blockage of Cell reg_ALUout_EX_MEM_q_reg_16_  ( metal1 )
Bounds : ( 41.670, 88.200 ) ( 41.710, 88.340 )


SPACING: Regular Via of Net clk & Blockage of Cell reg_ALUout_EX_MEM_q_reg_16_  ( metal1 )
Bounds : ( 40.410, 88.390 ) ( 40.420, 88.480 )
Actual:     0.01     Min:     0.065


SPACING: Regular Via of Net clk & Blockage of Cell reg_ALUout_EX_MEM_q_reg_11_  ( metal1 )
Bounds : ( 41.550, 114.800 ) ( 41.560, 114.890 )
Actual:     0.01     Min:     0.065


SPACING: Regular Via of Net FE_OFN29_FE_DBTN49_rst & Pin of Cell reg_ALUout_EX_MEM_q_reg_16_  ( metal1 )
Bounds : ( 41.225, 88.515 ) ( 41.255, 88.585 )
Actual:     0.03     Min:     0.065  SameNetGap


SPACING: Regular Via of Net FE_OFN25_FE_DBTN49_rst & Pin of Cell reg_ALUout_EX_MEM_q_reg_11_  ( metal1 )
Bounds : ( 42.365, 114.695 ) ( 42.395, 114.765 )
Actual:     0.03     Min:     0.065  SameNetGap


NSMETAL: Regular Via of Net FE_OFN29_FE_DBTN49_rst & Pin of Cell reg_JAL_MEM_WB_q_reg_18_  ( metal1 )
Bounds : ( 54.490, 81.375 ) ( 54.505, 81.400 )
Actual:     0.029     Min:     0.07


SPACING: Regular Via of Net clk & Pin of Cell reg_JAL_MEM_WB_q_reg_18_  ( metal1 )
Bounds : ( 56.660, 81.480 ) ( 56.780, 81.515 )
Actual:     0.035     Min:     0.065


SPACING: Regular Via of Net JAL_PC_4_MEM_out_s[18] & Blockage of Cell reg_JAL_MEM_WB_q_reg_18_  ( metal1 )
Bounds : ( 56.265, 81.445 ) ( 56.290, 81.485 )
Actual:     0.04     Min:     0.065


SPACING: Regular Wire of Net ID_immediate_generator_N44 & Blockage of Cell reg_JAL_MEM_WB_q_reg_18_  ( metal1 )
Bounds : ( 57.025, 81.340 ) ( 57.270, 81.375 )
Actual:     0.035     Min:     0.065   


SHORT: Regular Via of Net clk & Blockage of Cell reg_JAL_MEM_WB_q_reg_18_  ( metal1 )
Bounds : ( 56.645, 81.545 ) ( 56.785, 81.585 )


SHORT: Regular Via of Net FE_OFN29_FE_DBTN49_rst & Blockage of Cell reg_JAL_MEM_WB_q_reg_18_  ( metal1 )
Bounds : ( 54.365, 81.380 ) ( 54.400, 81.445 )


SHORT: Regular Wire of Net ID_immediate_generator_N44 & Blockage of Cell reg_JAL_MEM_WB_q_reg_18_  ( metal1 )
Bounds : ( 57.270, 81.375 ) ( 57.340, 81.445 )


SHORT: Regular Via of Net JAL_PC_4_MEM_out_s[18] & Blockage of Cell reg_JAL_MEM_WB_q_reg_18_  ( metal1 )
Bounds : ( 56.265, 81.375 ) ( 56.405, 81.415 )


SHORT: Regular Via of Net JAL_PC_4_MEM_out_s[18] & Blockage of Cell reg_JAL_MEM_WB_q_reg_18_  ( metal1 )
Bounds : ( 56.355, 81.375 ) ( 56.405, 81.445 )


SHORT: Regular Via of Net JAL_PC_4_WB_in_s[18] & Pin of Cell reg_ALUout_MEM_WB_q_reg_18_  ( metal1 )
Bounds : ( 53.260, 81.620 ) ( 53.330, 81.760 )


SPACING: Regular Wire of Net ID_immediate_generator_N44 & Pin of Cell reg_JAL_MEM_WB_q_reg_18_  ( metal1 )
Bounds : ( 57.060, 81.445 ) ( 57.205, 81.480 )
Actual:     0.035     Min:     0.065   


SPACING: Regular Via of Net ALU_backward_MEM_out_s[19] & Pin of Cell reg_ALUout_MEM_WB_q_reg_19_  ( metal1 )
Bounds : ( 54.125, 77.035 ) ( 54.170, 77.105 )
Actual:     0.045     Min:     0.065  SameNetGap


SPACING: Regular Via of Net ALU_backward_MEM_out_s[19] & Blockage of Cell reg_ALUout_MEM_WB_q_reg_19_  ( metal1 )
Bounds : ( 53.940, 77.035 ) ( 53.985, 77.105 )
Actual:     0.045     Min:     0.065


SHORT: Regular Via of Net clk & Blockage of Cell reg_ALUout_MEM_WB_q_reg_19_  ( metal1 )
Bounds : ( 54.400, 76.895 ) ( 54.470, 76.965 )


SHORT: Regular Via of Net clk & Blockage of Cell reg_ALUout_MEM_WB_q_reg_19_  ( metal1 )
Bounds : ( 54.365, 76.895 ) ( 54.470, 76.895 )


SHORT: Regular Via of Net ALU_backward_MEM_out_s[19] & Blockage of Cell reg_ALUout_MEM_WB_q_reg_19_  ( metal1 )
Bounds : ( 54.010, 77.035 ) ( 54.080, 77.105 )


SPACING: Regular Via of Net FE_OFN29_FE_DBTN49_rst & Blockage of Cell reg_ALUout_MEM_WB_q_reg_18_  ( metal1 )
Bounds : ( 51.845, 81.375 ) ( 51.895, 81.445 )
Actual:     0.05     Min:     0.065


SHORT: Regular Via of Net ALUout_WB_in_s[18] & Pin of Cell reg_ALUout_MEM_WB_q_reg_18_  ( metal1 )
Bounds : ( 53.070, 81.705 ) ( 53.140, 81.760 )


SHORT: Regular Via of Net clk & Blockage of Cell reg_ALUout_MEM_WB_q_reg_20_  ( metal1 )
Bounds : ( 52.275, 70.385 ) ( 52.415, 70.385 )


SHORT: Regular Via of Net clk & Pin of Cell reg_ALUout_MEM_WB_q_reg_20_  ( metal1 )
Bounds : ( 52.275, 70.315 ) ( 52.380, 70.320 )


SHORT: Regular Via of Net ALU_backward_MEM_out_s[20] & Blockage of Cell reg_ALUout_MEM_WB_q_reg_20_  ( metal1 )
Bounds : ( 51.895, 70.175 ) ( 52.035, 70.215 )


SHORT: Regular Via of Net ALU_backward_MEM_out_s[20] & Blockage of Cell reg_ALUout_MEM_WB_q_reg_20_  ( metal1 )
Bounds : ( 51.970, 70.175 ) ( 52.035, 70.245 )


SHORT: Regular Via of Net ALUout_WB_in_s[20] & Pin of Cell reg_ALUout_MEM_WB_q_reg_20_  ( metal1 )
Bounds : ( 48.890, 70.505 ) ( 48.960, 70.560 )


SPACING: Regular Via of Net ALU_backward_MEM_out_s[20] & Blockage of Cell reg_ALUout_MEM_WB_q_reg_20_  ( metal1 )
Bounds : ( 51.895, 70.245 ) ( 51.905, 70.285 )
Actual:     0.04     Min:     0.065


SPACING: Regular Via of Net FE_OFN29_FE_DBTN49_rst & Pin of Cell reg_ALUout_MEM_WB_q_reg_20_  ( metal1 )
Bounds : ( 50.895, 69.615 ) ( 50.905, 69.685 )
Actual:     0.01     Min:     0.065


SHORT: Regular Via of Net n1581 & Blockage of Cell reg_ALUout_EX_MEM_q_reg_22_  ( metal1 )
Bounds : ( 45.245, 42.455 ) ( 45.310, 42.525 )


SHORT: Regular Via of Net clk & Blockage of Cell reg_immediate_MEM_WB_q_reg_31_  ( metal1 )
Bounds : ( 64.625, 22.745 ) ( 64.765, 22.785 )


SHORT: Regular Via of Net FE_DBTN49_rst & Blockage of Cell ID_RF_registers_reg_10__27_  ( metal1 )
Bounds : ( 70.015, 21.035 ) ( 70.085, 21.105 )


SHORT: Regular Via of Net FE_DBTN49_rst & Blockage of Cell ID_RF_registers_reg_10__27_  ( metal1 )
Bounds : ( 69.945, 21.035 ) ( 69.950, 21.105 )


SHORT: Regular Via of Net FE_DBTN49_rst & Pin of Cell ID_RF_registers_reg_11__27_  ( metal1 )
Bounds : ( 72.985, 21.595 ) ( 73.060, 21.665 )


SHORT: Regular Via of Net n1412 & Blockage of Cell ID_RF_registers_reg_11__27_  ( metal1 )
Bounds : ( 74.520, 21.595 ) ( 74.590, 21.665 )


SHORT: Regular Via of Net immediate_MEM_out_s[31] & Blockage of Cell reg_immediate_MEM_WB_q_reg_31_  ( metal1 )
Bounds : ( 64.245, 22.575 ) ( 64.385, 22.615 )


SHORT: Regular Via of Net immediate_MEM_out_s[31] & Blockage of Cell reg_immediate_MEM_WB_q_reg_31_  ( metal1 )
Bounds : ( 64.335, 22.575 ) ( 64.385, 22.645 )


SPACING: Regular Via of Net FE_DBTN49_rst & Blockage of Cell ID_RF_registers_reg_11__27_  ( metal1 )
Bounds : ( 73.125, 21.535 ) ( 73.125, 21.595 )
Actual:     0.06     Min:     0.065


SPACING: Regular Via of Net n4024 & Blockage of Cell ID_RF_registers_reg_10__27_  ( metal1 )
Bounds : ( 68.045, 21.105 ) ( 68.185, 21.140 )
Actual:     0.035     Min:     0.065


SPACING: Regular Via of Net n4056 & Blockage of Cell ID_RF_registers_reg_11__27_  ( metal1 )
Bounds : ( 71.845, 21.105 ) ( 71.985, 21.140 )
Actual:     0.035     Min:     0.065


SPACING: Regular Via of Net immediate_MEM_out_s[31] & Blockage of Cell reg_immediate_MEM_WB_q_reg_31_  ( metal1 )
Bounds : ( 64.245, 22.645 ) ( 64.270, 22.685 )
Actual:     0.04     Min:     0.065


SPACING: Regular Via of Net clk & Pin of Cell reg_immediate_MEM_WB_q_reg_31_  ( metal1 )
Bounds : ( 64.640, 22.680 ) ( 64.760, 22.715 )
Actual:     0.035     Min:     0.065


NSMETAL: Regular Via of Net FE_DBTN49_rst & Pin of Cell ID_RF_registers_reg_11__27_  ( metal1 )
Bounds : ( 73.125, 21.605 ) ( 73.125, 21.665 )
Actual:     0.06     Min:     0.07


SHORT: Regular Via of Net FE_DBTN49_rst & Blockage of Cell reg_ALUout_EX_MEM_q_reg_22_  ( metal1 )
Bounds : ( 44.520, 41.895 ) ( 44.590, 41.965 )


SHORT: Regular Via of Net n5474 & Blockage of Cell reg_ALUout_EX_MEM_q_reg_22_  ( metal1 )
Bounds : ( 45.485, 42.175 ) ( 45.555, 42.245 )


SHORT: Regular Via of Net ALU_backward_MEM_out_s[22] & Blockage of Cell reg_ALUout_EX_MEM_q_reg_22_  ( metal1 )
Bounds : ( 44.900, 41.860 ) ( 44.940, 42.000 )


SPACING: Regular Via of Net clk & Blockage of Cell reg_ALUout_EX_MEM_q_reg_22_  ( metal1 )
Bounds : ( 43.640, 42.000 ) ( 43.650, 42.090 )
Actual:     0.01     Min:     0.065


SPACING: Regular Via of Net FE_DBTN49_rst & Pin of Cell reg_ALUout_EX_MEM_q_reg_22_  ( metal1 )
Bounds : ( 44.455, 41.895 ) ( 44.485, 41.965 )
Actual:     0.03     Min:     0.065  SameNetGap


SHORT: Regular Via of Net n1590 & Blockage of Cell reg_ALUout_EX_MEM_q_reg_31_  ( metal1 )
Bounds : ( 56.110, 27.110 ) ( 56.180, 27.160 )


SHORT: Regular Via of Net FE_DBTN49_rst & Blockage of Cell reg_ALUout_EX_MEM_q_reg_31_  ( metal1 )
Bounds : ( 55.350, 26.915 ) ( 55.420, 26.985 )


SHORT: Regular Via of Net FE_OFN39_PCSrc_MEM_out & Pin of Cell reg_ALUout_MEM_WB_q_reg_29_  ( metal1 )
Bounds : ( 62.950, 21.035 ) ( 63.025, 21.105 )


SHORT: Regular Wire of Net Read_data1_EX_in_s[26] & Blockage of Cell reg_ALUout_EX_MEM_q_reg_31_  ( metal1 )
Bounds : ( 56.315, 26.635 ) ( 56.385, 26.705 )


SHORT: Regular Via of Net ALU_backward_MEM_out_s[31] & Blockage of Cell reg_ALUout_EX_MEM_q_reg_31_  ( metal1 )
Bounds : ( 55.730, 26.320 ) ( 55.800, 26.370 )


SHORT: Regular Via of Net ALUout_WB_in_s[30] & Pin of Cell reg_ALUout_MEM_WB_q_reg_30_  ( metal1 )
Bounds : ( 61.050, 22.155 ) ( 61.120, 22.175 )


SPACING: Regular Via of Net clk & Blockage of Cell reg_ALUout_EX_MEM_q_reg_31_  ( metal1 )
Bounds : ( 54.470, 26.790 ) ( 54.480, 26.880 )
Actual:     0.01     Min:     0.065


SPACING: Regular Via of Net FE_OFN39_PCSrc_MEM_out & Blockage of Cell reg_ALUout_MEM_WB_q_reg_29_  ( metal1 )
Bounds : ( 62.880, 21.035 ) ( 62.915, 21.105 )
Actual:     0.035     Min:     0.065


SPACING: Regular Via of Net FE_DBTN49_rst & Pin of Cell reg_ALUout_EX_MEM_q_reg_31_  ( metal1 )
Bounds : ( 55.285, 26.915 ) ( 55.315, 26.985 )
Actual:     0.03     Min:     0.065  SameNetGap


SPACING: Regular Via of Net FE_DBTN49_rst & Blockage of Cell reg_ALUout_MEM_WB_q_reg_30_  ( metal1 )
Bounds : ( 59.825, 22.575 ) ( 59.875, 22.645 )
Actual:     0.05     Min:     0.065


SHORT: Regular Via of Net n1589 & Blockage of Cell reg_ALUout_EX_MEM_q_reg_30_  ( metal1 )
Bounds : ( 50.045, 26.915 ) ( 50.115, 26.985 )


SHORT: Regular Via of Net FE_DBTN49_rst & Blockage of Cell reg_ALUout_EX_MEM_q_reg_30_  ( metal1 )
Bounds : ( 49.080, 26.915 ) ( 49.150, 26.985 )


SHORT: Regular Via of Net ALU_backward_MEM_out_s[30] & Blockage of Cell reg_ALUout_EX_MEM_q_reg_30_  ( metal1 )
Bounds : ( 49.460, 26.320 ) ( 49.530, 26.370 )


SPACING: Regular Via of Net clk & Blockage of Cell reg_ALUout_EX_MEM_q_reg_30_  ( metal1 )
Bounds : ( 48.200, 26.790 ) ( 48.210, 26.880 )
Actual:     0.01     Min:     0.065


SPACING: Regular Via of Net FE_DBTN49_rst & Pin of Cell reg_ALUout_EX_MEM_q_reg_30_  ( metal1 )
Bounds : ( 49.015, 26.915 ) ( 49.045, 26.985 )
Actual:     0.03     Min:     0.065  SameNetGap


SHORT: Regular Via of Net clk & Pin of Cell ID_RF_registers_reg_10__27_  ( metal1 )
Bounds : ( 71.490, 20.895 ) ( 71.570, 20.965 )


SHORT: Regular Via of Net n1444 & Blockage of Cell ID_RF_registers_reg_10__27_  ( metal1 )
Bounds : ( 70.705, 20.895 ) ( 70.845, 20.935 )


SHORT: Regular Via of Net n1444 & Blockage of Cell ID_RF_registers_reg_10__27_  ( metal1 )
Bounds : ( 70.810, 20.895 ) ( 70.845, 20.965 )


SHORT: Regular Wire of Net n5471 & Pin of Cell FE_OFC39_PCSrc_MEM_out  ( metal1 )
Bounds : ( 63.330, 19.775 ) ( 63.400, 20.250 )


SHORT: Regular Via of Net n5471 & Pin of Cell FE_OFC39_PCSrc_MEM_out  ( metal1 )
Bounds : ( 63.310, 20.195 ) ( 63.400, 20.250 )


SHORT: Regular Via of Net ALUout_WB_in_s[31] & Pin of Cell reg_ALUout_MEM_WB_q_reg_31_  ( metal1 )
Bounds : ( 67.320, 20.720 ) ( 67.390, 20.775 )


SHORT: Regular Via of Net ALUout_WB_in_s[29] & Pin of Cell reg_ALUout_MEM_WB_q_reg_29_  ( metal1 )
Bounds : ( 62.760, 20.720 ) ( 62.830, 20.775 )


SPACING: Regular Via of Net clk & Blockage of Cell ID_RF_registers_reg_10__27_  ( metal1 )
Bounds : ( 71.425, 20.895 ) ( 71.465, 20.965 )
Actual:     0.04     Min:     0.065


SPACING: Regular Via of Net n4024 & Pin of Cell ID_RF_registers_reg_10__27_  ( metal1 )
Bounds : ( 68.045, 21.000 ) ( 68.150, 21.035 )
Actual:     0.035     Min:     0.065   


SPACING: Regular Via of Net n4056 & Pin of Cell ID_RF_registers_reg_11__27_  ( metal1 )
Bounds : ( 71.845, 21.000 ) ( 71.950, 21.035 )
Actual:     0.035     Min:     0.065   


SHORT: Regular Via of Net clk & Blockage of Cell reg_ALUout_MEM_WB_q_reg_24_  ( metal1 )
Bounds : ( 31.185, 23.695 ) ( 31.325, 23.695 )


SHORT: Regular Via of Net clk & Pin of Cell reg_ALUout_MEM_WB_q_reg_24_  ( metal1 )
Bounds : ( 31.185, 23.760 ) ( 31.290, 23.765 )


SHORT: Regular Via of Net ALU_backward_MEM_out_s[24] & Blockage of Cell reg_ALUout_MEM_WB_q_reg_24_  ( metal1 )
Bounds : ( 30.805, 23.865 ) ( 30.945, 23.905 )


SHORT: Regular Via of Net ALU_backward_MEM_out_s[24] & Blockage of Cell reg_ALUout_MEM_WB_q_reg_24_  ( metal1 )
Bounds : ( 30.880, 23.835 ) ( 30.945, 23.905 )


SPACING: Regular Via of Net ALU_backward_MEM_out_s[24] & Blockage of Cell reg_ALUout_MEM_WB_q_reg_24_  ( metal1 )
Bounds : ( 30.805, 23.795 ) ( 30.815, 23.835 )
Actual:     0.04     Min:     0.065


SPACING: Regular Via of Net ALUout_WB_in_s[24] & Blockage of Cell reg_ALUout_MEM_WB_q_reg_24_  ( metal1 )
Bounds : ( 28.095, 23.975 ) ( 28.130, 24.045 )
Actual:     0.035     Min:     0.065


SHORT: Regular Via of Net FE_OFN49_n5473 & Pin of Cell reg_ALUout_EX_MEM_q_reg_22_  ( metal1 )
Bounds : ( 40.910, 42.215 ) ( 40.980, 42.280 )



Begin Summary ...
  Cells       : 0
  SameNet     : 38
  Wiring      : 9
  Antenna     : 0
  Short       : 75
  Overlap     : 0
End Summary

  Total Violations : 122 Viols.
